{
  "stats": {
    "suites": 4,
    "tests": 4,
    "passes": 4,
    "pending": 0,
    "failures": 0,
    "start": "2023-11-13T07:49:34.511Z",
    "end": "2023-11-13T07:49:42.372Z",
    "duration": 7861,
    "testsRegistered": 4,
    "passPercent": 100,
    "pendingPercent": 0,
    "other": 0,
    "hasOther": false,
    "skipped": 0,
    "hasSkipped": false
  },
  "results": [
    {
      "uuid": "7fe43773-7066-4d34-afcb-a5c75e76ad36",
      "title": "",
      "fullFile": "cypress\\e2e\\my_test\\fullTest.cy.js",
      "file": "cypress\\e2e\\my_test\\fullTest.cy.js",
      "beforeHooks": [],
      "afterHooks": [],
      "tests": [],
      "suites": [
        {
          "uuid": "b73d2e41-1adb-41fb-ac45-52bdd3593468",
          "title": "TEST 1",
          "fullFile": "",
          "file": "",
          "beforeHooks": [],
          "afterHooks": [],
          "tests": [
            {
              "title": "Test isVisible",
              "fullTitle": "TEST 1 Test isVisible",
              "timedOut": null,
              "duration": 1233,
              "state": "passed",
              "speed": "fast",
              "pass": true,
              "fail": false,
              "pending": false,
              "context": null,
              "code": "createTaskPage.newTaskIsVisible();",
              "err": {},
              "uuid": "a4adcc5c-27d3-4548-8749-98953716bddc",
              "parentUUID": "b73d2e41-1adb-41fb-ac45-52bdd3593468",
              "isHook": false,
              "skipped": false
            }
          ],
          "suites": [],
          "passes": [
            "a4adcc5c-27d3-4548-8749-98953716bddc"
          ],
          "failures": [],
          "pending": [],
          "skipped": [],
          "duration": 1233,
          "root": false,
          "rootEmpty": false,
          "_timeout": 2000
        },
        {
          "uuid": "b27bd9e5-4412-4b8d-882b-b35a7a8e0aab",
          "title": "TEST 2",
          "fullFile": "",
          "file": "",
          "beforeHooks": [],
          "afterHooks": [],
          "tests": [
            {
              "title": "Task complete and it`s visible",
              "fullTitle": "TEST 2 Task complete and it`s visible",
              "timedOut": null,
              "duration": 1019,
              "state": "passed",
              "speed": "fast",
              "pass": true,
              "fail": false,
              "pending": false,
              "context": null,
              "code": "createTaskPage.createNewTask();\ncreateTaskPage.clickDoneBtn();\ncreateTaskPage.verifyTaskDone();",
              "err": {},
              "uuid": "9b386485-45d4-44ff-aeb2-30845f988c63",
              "parentUUID": "b27bd9e5-4412-4b8d-882b-b35a7a8e0aab",
              "isHook": false,
              "skipped": false
            }
          ],
          "suites": [],
          "passes": [
            "9b386485-45d4-44ff-aeb2-30845f988c63"
          ],
          "failures": [],
          "pending": [],
          "skipped": [],
          "duration": 1019,
          "root": false,
          "rootEmpty": false,
          "_timeout": 2000
        },
        {
          "uuid": "f404c7ee-bbd8-42cb-8b86-e37ec174a384",
          "title": "TEST 3",
          "fullFile": "",
          "file": "",
          "beforeHooks": [],
          "afterHooks": [],
          "tests": [
            {
              "title": "Task delete and it`s not exist",
              "fullTitle": "TEST 3 Task delete and it`s not exist",
              "timedOut": null,
              "duration": 981,
              "state": "passed",
              "speed": "fast",
              "pass": true,
              "fail": false,
              "pending": false,
              "context": null,
              "code": "createTaskPage.createNewTask();\ncreateTaskPage.clickDeleteBtn();\ncreateTaskPage.firstTaskNotExist();",
              "err": {},
              "uuid": "be343971-e9db-4209-bed4-63c4244e1c0b",
              "parentUUID": "f404c7ee-bbd8-42cb-8b86-e37ec174a384",
              "isHook": false,
              "skipped": false
            }
          ],
          "suites": [],
          "passes": [
            "be343971-e9db-4209-bed4-63c4244e1c0b"
          ],
          "failures": [],
          "pending": [],
          "skipped": [],
          "duration": 981,
          "root": false,
          "rootEmpty": false,
          "_timeout": 2000
        },
        {
          "uuid": "1a7ec023-b53c-4bca-8375-0e90f2575966",
          "title": "TEST 4",
          "fullFile": "",
          "file": "",
          "beforeHooks": [],
          "afterHooks": [],
          "tests": [
            {
              "title": "Task filters",
              "fullTitle": "TEST 4 Task filters",
              "timedOut": null,
              "duration": 2223,
              "state": "passed",
              "speed": "fast",
              "pass": true,
              "fail": false,
              "pending": false,
              "context": null,
              "code": "createTaskPage.createNewTask();\ncreateTaskPage.clickDoneBtn();\ncreateTaskPage.createSecondTask();\ncreateTaskPage.createThirdTask();\ncreateTaskPage.createFourTask();\ncreateTaskPage.clickCompletedBtn();\ncreateTaskPage.firstTaskIsVisible();\ncreateTaskPage.clickActiveBtn();\ncreateTaskPage.allActiveTasksIsVisible();",
              "err": {},
              "uuid": "1e84afb7-6676-4487-be38-9deee454f67d",
              "parentUUID": "1a7ec023-b53c-4bca-8375-0e90f2575966",
              "isHook": false,
              "skipped": false
            }
          ],
          "suites": [],
          "passes": [
            "1e84afb7-6676-4487-be38-9deee454f67d"
          ],
          "failures": [],
          "pending": [],
          "skipped": [],
          "duration": 2223,
          "root": false,
          "rootEmpty": false,
          "_timeout": 2000
        }
      ],
      "passes": [],
      "failures": [],
      "pending": [],
      "skipped": [],
      "duration": 0,
      "root": true,
      "rootEmpty": true,
      "_timeout": 2000
    }
  ],
  "meta": {
    "mocha": {
      "version": "7.0.1"
    },
    "mochawesome": {
      "options": {
        "quiet": false,
        "reportFilename": "mochawesome",
        "saveHtml": false,
        "saveJson": true,
        "consoleReporter": "spec",
        "useInlineDiffs": false,
        "code": true
      },
      "version": "7.1.3"
    },
    "marge": {
      "options": {
        "reportDir": "cypress/reports",
        "overwrite": false,
        "html": false,
        "json": true
      },
      "version": "6.2.0"
    }
  }
}